<?xml version="1.0" encoding="UTF-8"?>
<!-- Generated by org.testng.reporters.JUnitReportReporter -->
<testsuite skipped="0" hostname="LAPTOP-MKF1PHR6" name="Test.testFlightPageLoad" tests="1" failures="0" timestamp="10 Oct 2018 04:05:16 GMT" time="31.939" errors="0">
  <testcase name="clearTripFlightPage" time="31.939" classname="Test.testFlightPageLoad"/>
</testsuite> <!-- Test.testFlightPageLoad -->
