<?xml version="1.0" encoding="UTF-8"?>
<!-- Generated by org.testng.reporters.JUnitReportReporter -->
<testsuite skipped="0" hostname="LAPTOP-MKF1PHR6" name="Test.testClass" tests="1" failures="0" timestamp="07 Oct 2018 04:32:52 GMT" time="83.399" errors="0">
  <testcase name="method" time="83.399" classname="Test.testClass"/>
</testsuite> <!-- Test.testClass -->
