<?xml version="1.0" encoding="UTF-8"?>
<!-- Generated by org.testng.reporters.JUnitReportReporter -->
<testsuite skipped="0" hostname="LAPTOP-MKF1PHR6" name="Test.testFlightPageLoad" tests="1" failures="0" timestamp="11 Oct 2018 05:17:32 GMT" time="39.595" errors="0">
  <testcase name="clearTripFlightPage" time="39.595" classname="Test.testFlightPageLoad"/>
</testsuite> <!-- Test.testFlightPageLoad -->
